
D:\SampleServer\node_modules\socket.io\node_modules\engine.io\node_modules\uws>if not defined npm_config_node_gyp (node "D:\Program Files\nodejs\node_modules\npm\bin\node-gyp-bin\\..\..\node_modules\node-gyp\bin\node-gyp.js" rebuild )  else (node "" rebuild ) 
Building the projects in this solution one at a time. To enable parallel build, please add the "/m" switch.
  Extensions.cpp
  Group.cpp
  Networking.cpp
d:\sampleserver\node_modules\socket.io\node_modules\engine.io\node_modules\uws\src\Socket.h(26): warning C4275: non dll-interface struct 'Poll' used as base for dll-interface struct 'uS::Socket' (compiling source file ..\src\Group.cpp) [D:\SampleServer\node_modules\socket.io\node_modules\engine.io\node_modules\uws\build\uws.vcxproj]
  d:\sampleserver\node_modules\socket.io\node_modules\engine.io\node_modules\uws\src\Libuv.h(92): note: see declaration of 'Poll' (compiling source file ..\src\Group.cpp)
  d:\sampleserver\node_modules\socket.io\node_modules\engine.io\node_modules\uws\src\Socket.h(26): note: see declaration of 'uS::Socket' (compiling source file ..\src\Group.cpp)
  Hub.cpp
d:\sampleserver\node_modules\socket.io\node_modules\engine.io\node_modules\uws\src\Socket.h(26): warning C4275: non dll-interface struct 'Poll' used as base for dll-interface struct 'uS::Socket' (compiling source file ..\src\Hub.cpp)Node.cpp [D:\SampleServer\node_modules\socket.io\node_modules\engine.io\node_modules\uws\build\uws.vcxproj]
  
  d:\sampleserver\node_modules\socket.io\node_modules\engine.io\node_modules\uws\src\Libuv.h(92): note: see declaration of 'Poll' (compiling source file ..\src\Hub.cpp)
  d:\sampleserver\node_modules\socket.io\node_modules\engine.io\node_modules\uws\src\Socket.h(26): note: see declaration of 'uS::Socket' (compiling source file ..\src\Hub.cpp)
  WebSocket.cpp
d:\sampleserver\node_modules\socket.io\node_modules\engine.io\node_modules\uws\src\Socket.h(26): warning C4275: non dll-interface struct 'Poll' used as base for dll-interface struct 'uS::Socket' (compiling source file ..\src\Node.cpp) [D:\SampleServer\node_modules\socket.io\node_modules\engine.io\node_modules\uws\build\uws.vcxproj]
  d:\sampleserver\node_modules\socket.io\node_modules\engine.io\node_modules\uws\src\Libuv.h(92): note: see declaration of 'Poll' (compiling source file ..\src\Node.cpp)
  d:\sampleserver\node_modules\socket.io\node_modules\engine.io\node_modules\uws\src\Socket.h(26): note: see declaration of 'uS::Socket' (compiling source file ..\src\Node.cpp)
  HTTPSocket.cpp
d:\sampleserver\node_modules\socket.io\node_modules\engine.io\node_modules\uws\src\Socket.h(26): warning C4275: non dll-interface struct 'Poll' used as base for dll-interface struct 'uS::Socket' (compiling source file ..\src\WebSocket.cpp) [D:\SampleServer\node_modules\socket.io\node_modules\engine.io\node_modules\uws\build\uws.vcxproj]
  d:\sampleserver\node_modules\socket.io\node_modules\engine.io\node_modules\uws\src\Libuv.h(92): note: see declaration of 'Poll' (compiling source file ..\src\WebSocket.cpp)
  d:\sampleserver\node_modules\socket.io\node_modules\engine.io\node_modules\uws\src\Socket.h(26): note: see declaration of 'uS::Socket' (compiling source file ..\src\WebSocket.cpp)
d:\sampleserver\node_modules\socket.io\node_modules\engine.io\node_modules\uws\src\Socket.h(26): warning C4275: non dll-interface struct 'Poll' used as base for dll-interface struct 'uS::Socket' (compiling source file ..\src\HTTPSocket.cpp) [D:\SampleServer\node_modules\socket.io\node_modules\engine.io\node_modules\uws\build\uws.vcxproj]
  d:\sampleserver\node_modules\socket.io\node_modules\engine.io\node_modules\uws\src\Libuv.h(92): note: see declaration of 'Poll' (compiling source file ..\src\HTTPSocket.cpp)
  d:\sampleserver\node_modules\socket.io\node_modules\engine.io\node_modules\uws\src\Socket.h(26): note: see declaration of 'uS::Socket' (compiling source file ..\src\HTTPSocket.cpp)
..\src\WebSocket.cpp(370): warning C4267: '+=': conversion from 'size_t' to 'unsigned char', possible loss of data [D:\SampleServer\node_modules\socket.io\node_modules\engine.io\node_modules\uws\build\uws.vcxproj]
  ..\src\WebSocket.cpp(296): note: while compiling class template member function 'bool uWS::WebSocket<true>::handleFragment(char *,size_t,unsigned int,int,bool,uWS::WebSocketState<true> *)'
  ..\src\WebSocket.cpp(402): note: see reference to class template instantiation 'uWS::WebSocket<true>' being compiled
d:\sampleserver\node_modules\socket.io\node_modules\engine.io\node_modules\uws\src\WebSocketProtocol.h(284): warning C4267: '=': conversion from 'size_t' to 'char', possible loss of data (compiling source file ..\src\WebSocket.cpp) [D:\SampleServer\node_modules\socket.io\node_modules\engine.io\node_modules\uws\build\uws.vcxproj]
  d:\sampleserver\node_modules\socket.io\node_modules\engine.io\node_modules\uws\src\WebSocketProtocol.h(279): note: while compiling class template member function 'size_t uWS::WebSocketProtocol<false,uWS::WebSocket<false>>::formatMessage(char *,const char *,size_t,uWS::OpCode,size_t,bool)' (compiling source file ..\src\WebSocket.cpp)
  ..\src\WebSocket.cpp(41): note: see reference to function template instantiation 'size_t uWS::WebSocketProtocol<false,uWS::WebSocket<false>>::formatMessage(char *,const char *,size_t,uWS::OpCode,size_t,bool)' being compiled
  ..\src\WebSocket.cpp(29): note: see reference to class template instantiation 'uWS::WebSocketProtocol<false,uWS::WebSocket<false>>' being compiled
  ..\src\WebSocket.cpp(17): note: while compiling class template member function 'void uWS::WebSocket<true>::send(const char *,size_t,uWS::OpCode,void (__cdecl *)(uWS::WebSocket<true> *,void *,bool,void *),void *)'
  d:\sampleserver\node_modules\socket.io\node_modules\engine.io\node_modules\uws\src\WebSocket.h(74): note: see reference to function template instantiation 'void uWS::WebSocket<true>::send(const char *,size_t,uWS::OpCode,void (__cdecl *)(uWS::WebSocket<true> *,void *,bool,void *),void *)' being compiled (compiling source file ..\src\WebSocket.cpp)
d:\sampleserver\node_modules\socket.io\node_modules\engine.io\node_modules\uws\src\WebSocketProtocol.h(288): warning C4267: 'argument': conversion from 'size_t' to 'u_short', possible loss of data (compiling source file ..\src\WebSocket.cpp) [D:\SampleServer\node_modules\socket.io\node_modules\engine.io\node_modules\uws\build\uws.vcxproj]
d:\sampleserver\node_modules\socket.io\node_modules\engine.io\node_modules\uws\src\WebSocketProtocol.h(130): warning C4244: 'argument': conversion from 'uint64_t' to 'unsigned int', possible loss of data (compiling source file ..\src\WebSocket.cpp) [D:\SampleServer\node_modules\socket.io\node_modules\engine.io\node_modules\uws\build\uws.vcxproj]
  d:\sampleserver\node_modules\socket.io\node_modules\engine.io\node_modules\uws\src\WebSocketProtocol.h(358): note: see reference to function template instantiation 'bool uWS::WebSocketProtocol<false,uWS::WebSocket<false>>::consumeMessage<10,uint64_t>(T,char *&,unsigned int &,uWS::WebSocketState<false> *)' being compiled
          with
          [
              T=uint64_t
          ] (compiling source file ..\src\WebSocket.cpp)
  d:\sampleserver\node_modules\socket.io\node_modules\engine.io\node_modules\uws\src\WebSocketProtocol.h(358): note: see reference to function template instantiation 'bool uWS::WebSocketProtocol<false,uWS::WebSocket<false>>::consumeMessage<10,uint64_t>(T,char *&,unsigned int &,uWS::WebSocketState<false> *)' being compiled
          with
          [
              T=uint64_t
          ] (compiling source file ..\src\WebSocket.cpp)
  d:\sampleserver\node_modules\socket.io\node_modules\engine.io\node_modules\uws\src\WebSocketProtocol.h(329): note: while compiling class template member function 'void uWS::WebSocketProtocol<false,uWS::WebSocket<false>>::consume(char *,unsigned int,uWS::WebSocketState<false> *)' (compiling source file ..\src\WebSocket.cpp)
  ..\src\WebSocket.cpp(180): note: see reference to function template instantiation 'void uWS::WebSocketProtocol<false,uWS::WebSocket<false>>::consume(char *,unsigned int,uWS::WebSocketState<false> *)' being compiled
d:\sampleserver\node_modules\socket.io\node_modules\engine.io\node_modules\uws\src\WebSocketProtocol.h(131): warning C4244: 'argument': conversion from 'uint64_t' to 'size_t', possible loss of data (compiling source file ..\src\WebSocket.cpp) [D:\SampleServer\node_modules\socket.io\node_modules\engine.io\node_modules\uws\build\uws.vcxproj]
d:\sampleserver\node_modules\socket.io\node_modules\engine.io\node_modules\uws\src\WebSocketProtocol.h(135): warning C4244: 'argument': conversion from 'uint64_t' to 'size_t', possible loss of data (compiling source file ..\src\WebSocket.cpp) [D:\SampleServer\node_modules\socket.io\node_modules\engine.io\node_modules\uws\build\uws.vcxproj]
d:\sampleserver\node_modules\socket.io\node_modules\engine.io\node_modules\uws\src\WebSocketProtocol.h(145): warning C4244: '-=': conversion from 'uint64_t' to 'unsigned int', possible loss of data (compiling source file ..\src\WebSocket.cpp) [D:\SampleServer\node_modules\socket.io\node_modules\engine.io\node_modules\uws\build\uws.vcxproj]
d:\sampleserver\node_modules\socket.io\node_modules\engine.io\node_modules\uws\src\WebSocketProtocol.h(151): warning C4244: '=': conversion from 'uint64_t' to 'unsigned int', possible loss of data (compiling source file ..\src\WebSocket.cpp) [D:\SampleServer\node_modules\socket.io\node_modules\engine.io\node_modules\uws\build\uws.vcxproj]
d:\sampleserver\node_modules\socket.io\node_modules\engine.io\node_modules\uws\src\WebSocketProtocol.h(130): warning C4244: 'argument': conversion from 'uint64_t' to 'unsigned int', possible loss of data (compiling source file ..\src\HTTPSocket.cpp) [D:\SampleServer\node_modules\socket.io\node_modules\engine.io\node_modules\uws\build\uws.vcxproj]
  d:\sampleserver\node_modules\socket.io\node_modules\engine.io\node_modules\uws\src\WebSocketProtocol.h(358): note: see reference to function template instantiation 'bool uWS::WebSocketProtocol<true,uWS::WebSocket<true>>::consumeMessage<14,uint64_t>(T,char *&,unsigned int &,uWS::WebSocketState<true> *)' being compiled
          with
          [
              T=uint64_t
          ] (compiling source file ..\src\HTTPSocket.cpp)
  d:\sampleserver\node_modules\socket.io\node_modules\engine.io\node_modules\uws\src\WebSocketProtocol.h(358): note: see reference to function template instantiation 'bool uWS::WebSocketProtocol<true,uWS::WebSocket<true>>::consumeMessage<14,uint64_t>(T,char *&,unsigned int &,uWS::WebSocketState<true> *)' being compiled
          with
          [
              T=uint64_t
          ] (compiling source file ..\src\HTTPSocket.cpp)
  d:\sampleserver\node_modules\socket.io\node_modules\engine.io\node_modules\uws\src\WebSocketProtocol.h(329): note: while compiling class template member function 'void uWS::WebSocketProtocol<true,uWS::WebSocket<true>>::consume(char *,unsigned int,uWS::WebSocketState<true> *)' (compiling source file ..\src\HTTPSocket.cpp)
  ..\src\HTTPSocket.cpp(172): note: see reference to function template instantiation 'void uWS::WebSocketProtocol<true,uWS::WebSocket<true>>::consume(char *,unsigned int,uWS::WebSocketState<true> *)' being compiled
  ..\src\HTTPSocket.cpp(172): note: see reference to class template instantiation 'uWS::WebSocketProtocol<true,uWS::WebSocket<true>>' being compiled
  ..\src\HTTPSocket.cpp(56): note: while compiling class template member function 'uS::Socket *uWS::HttpSocket<true>::onData(uS::Socket *,char *,size_t)'
  d:\sampleserver\node_modules\socket.io\node_modules\engine.io\node_modules\uws\src\HTTPSocket.h(142): note: see reference to class template instantiation 'uWS::HttpSocket<true>' being compiled (compiling source file ..\src\HTTPSocket.cpp)
d:\sampleserver\node_modules\socket.io\node_modules\engine.io\node_modules\uws\src\WebSocketProtocol.h(131): warning C4244: 'argument': conversion from 'uint64_t' to 'size_t', possible loss of data (compiling source file ..\src\HTTPSocket.cpp) [D:\SampleServer\node_modules\socket.io\node_modules\engine.io\node_modules\uws\build\uws.vcxproj]
d:\sampleserver\node_modules\socket.io\node_modules\engine.io\node_modules\uws\src\WebSocketProtocol.h(135): warning C4244: 'argument': conversion from 'uint64_t' to 'size_t', possible loss of data (compiling source file ..\src\HTTPSocket.cpp) [D:\SampleServer\node_modules\socket.io\node_modules\engine.io\node_modules\uws\build\uws.vcxproj]
d:\sampleserver\node_modules\socket.io\node_modules\engine.io\node_modules\uws\src\WebSocketProtocol.h(145): warning C4244: '-=': conversion from 'uint64_t' to 'unsigned int', possible loss of data (compiling source file ..\src\HTTPSocket.cpp) [D:\SampleServer\node_modules\socket.io\node_modules\engine.io\node_modules\uws\build\uws.vcxproj]
d:\sampleserver\node_modules\socket.io\node_modules\engine.io\node_modules\uws\src\WebSocketProtocol.h(151): warning C4244: '=': conversion from 'uint64_t' to 'unsigned int', possible loss of data (compiling source file ..\src\HTTPSocket.cpp) [D:\SampleServer\node_modules\socket.io\node_modules\engine.io\node_modules\uws\build\uws.vcxproj]
  Socket.cpp
  addon.cpp
d:\sampleserver\node_modules\socket.io\node_modules\engine.io\node_modules\uws\src\Socket.h(26): warning C4275: non dll-interface struct 'Poll' used as base for dll-interface struct 'uS::Socket' (compiling source file ..\src\Socket.cpp) [D:\SampleServer\node_modules\socket.io\node_modules\engine.io\node_modules\uws\build\uws.vcxproj]
  d:\sampleserver\node_modules\socket.io\node_modules\engine.io\node_modules\uws\src\Libuv.h(92): note: see declaration of 'Poll' (compiling source file ..\src\Socket.cpp)
  d:\sampleserver\node_modules\socket.io\node_modules\engine.io\node_modules\uws\src\Socket.h(26): note: see declaration of 'uS::Socket' (compiling source file ..\src\Socket.cpp)
d:\sampleserver\node_modules\socket.io\node_modules\engine.io\node_modules\uws\src\Socket.h(26): warning C4275: non dll-interface struct 'Poll' used as base for dll-interface struct 'uS::Socket' (compiling source file ..\src\addon.cpp) [D:\SampleServer\node_modules\socket.io\node_modules\engine.io\node_modules\uws\build\uws.vcxproj]
  d:\sampleserver\node_modules\socket.io\node_modules\engine.io\node_modules\uws\src\Libuv.h(92): note: see declaration of 'Poll' (compiling source file ..\src\addon.cpp)
  d:\sampleserver\node_modules\socket.io\node_modules\engine.io\node_modules\uws\src\Socket.h(26): note: see declaration of 'uS::Socket' (compiling source file ..\src\addon.cpp)
d:\sampleserver\node_modules\socket.io\node_modules\engine.io\node_modules\uws\src\addon.h(225): warning C4244: '=': conversion from 'int64_t' to 'uv_os_sock_t', possible loss of data (compiling source file ..\src\addon.cpp) [D:\SampleServer\node_modules\socket.io\node_modules\engine.io\node_modules\uws\build\uws.vcxproj]
d:\sampleserver\node_modules\socket.io\node_modules\engine.io\node_modules\uws\src\addon.h(416): warning C4244: 'argument': conversion from 'int64_t' to 'int', possible loss of data (compiling source file ..\src\addon.cpp) [D:\SampleServer\node_modules\socket.io\node_modules\engine.io\node_modules\uws\build\uws.vcxproj]
d:\sampleserver\node_modules\socket.io\node_modules\engine.io\node_modules\uws\src\addon.h(425): warning C4244: 'argument': conversion from 'int64_t' to 'int', possible loss of data (compiling source file ..\src\addon.cpp) [D:\SampleServer\node_modules\socket.io\node_modules\engine.io\node_modules\uws\build\uws.vcxproj]
d:\sampleserver\node_modules\socket.io\node_modules\engine.io\node_modules\uws\src\http.h(149): warning C4018: '<': signed/unsigned mismatch (compiling source file ..\src\addon.cpp) [D:\SampleServer\node_modules\socket.io\node_modules\engine.io\node_modules\uws\build\uws.vcxproj]
d:\sampleserver\node_modules\socket.io\node_modules\engine.io\node_modules\uws\src\http.h(308): warning C4244: 'argument': conversion from 'int64_t' to 'int', possible loss of data (compiling source file ..\src\addon.cpp) [D:\SampleServer\node_modules\socket.io\node_modules\engine.io\node_modules\uws\build\uws.vcxproj]
d:\sampleserver\node_modules\socket.io\node_modules\engine.io\node_modules\uws\src\addon.h(349): warning C4244: 'argument': conversion from 'int64_t' to 'int', possible loss of data (compiling source file ..\src\addon.cpp) [D:\SampleServer\node_modules\socket.io\node_modules\engine.io\node_modules\uws\build\uws.vcxproj]
  d:\sampleserver\node_modules\socket.io\node_modules\engine.io\node_modules\uws\src\addon.h(434): note: see reference to function template instantiation 'void closeSocket<false>(const v8::FunctionCallbackInfo<v8::Value> &)' being compiled (compiling source file ..\src\addon.cpp)
  d:\sampleserver\node_modules\socket.io\node_modules\engine.io\node_modules\uws\src\addon.h(431): note: while compiling class template member function 'Namespace<false>::Namespace(v8::Isolate *)' (compiling source file ..\src\addon.cpp)
  ..\src\addon.cpp(9): note: see reference to function template instantiation 'Namespace<false>::Namespace(v8::Isolate *)' being compiled
  ..\src\addon.cpp(9): note: see reference to class template instantiation 'Namespace<false>' being compiled
d:\sampleserver\node_modules\socket.io\node_modules\engine.io\node_modules\uws\src\addon.h(79): warning C4244: 'argument': conversion from 'int64_t' to 'unsigned int', possible loss of data (compiling source file ..\src\addon.cpp) [D:\SampleServer\node_modules\socket.io\node_modules\engine.io\node_modules\uws\build\uws.vcxproj]
  d:\sampleserver\node_modules\socket.io\node_modules\engine.io\node_modules\uws\src\addon.h(456): note: see reference to function template instantiation 'void createGroup<false>(const v8::FunctionCallbackInfo<v8::Value> &)' being compiled (compiling source file ..\src\addon.cpp)
d:\sampleserver\node_modules\socket.io\node_modules\engine.io\node_modules\uws\src\addon.h(79): warning C4244: 'argument': conversion from 'int64_t' to 'int', possible loss of data (compiling source file ..\src\addon.cpp) [D:\SampleServer\node_modules\socket.io\node_modules\engine.io\node_modules\uws\build\uws.vcxproj]
d:\sampleserver\node_modules\socket.io\node_modules\engine.io\node_modules\uws\src\addon.h(361): warning C4244: 'argument': conversion from 'int64_t' to 'int', possible loss of data (compiling source file ..\src\addon.cpp) [D:\SampleServer\node_modules\socket.io\node_modules\engine.io\node_modules\uws\build\uws.vcxproj]
  d:\sampleserver\node_modules\socket.io\node_modules\engine.io\node_modules\uws\src\addon.h(458): note: see reference to function template instantiation 'void closeGroup<false>(const v8::FunctionCallbackInfo<v8::Value> &)' being compiled (compiling source file ..\src\addon.cpp)
  win_delay_load_hook.c
     Creating library D:\SampleServer\node_modules\socket.io\node_modules\engine.io\node_modules\uws\build\Release\uws.lib and object D:\SampleServer\node_modules\socket.io\node_modules\engine.io\node_modules\uws\build\Release\uws.exp
Group.obj : error LNK2001: unresolved external symbol _SSL_free [D:\SampleServer\node_modules\socket.io\node_modules\engine.io\node_modules\uws\build\uws.vcxproj]
Group.obj : error LNK2001: unresolved external symbol _inflateEnd [D:\SampleServer\node_modules\socket.io\node_modules\engine.io\node_modules\uws\build\uws.vcxproj]
Group.obj : error LNK2001: unresolved external symbol _SSL_set_fd [D:\SampleServer\node_modules\socket.io\node_modules\engine.io\node_modules\uws\build\uws.vcxproj]
Group.obj : error LNK2001: unresolved external symbol _inflateInit2_ [D:\SampleServer\node_modules\socket.io\node_modules\engine.io\node_modules\uws\build\uws.vcxproj]
Group.obj : error LNK2001: unresolved external symbol _SSL_write [D:\SampleServer\node_modules\socket.io\node_modules\engine.io\node_modules\uws\build\uws.vcxproj]
Group.obj : error LNK2001: unresolved external symbol _SSL_ctrl [D:\SampleServer\node_modules\socket.io\node_modules\engine.io\node_modules\uws\build\uws.vcxproj]
Group.obj : error LNK2001: unresolved external symbol _SSL_shutdown [D:\SampleServer\node_modules\socket.io\node_modules\engine.io\node_modules\uws\build\uws.vcxproj]
Group.obj : error LNK2001: unresolved external symbol _SSL_get_error [D:\SampleServer\node_modules\socket.io\node_modules\engine.io\node_modules\uws\build\uws.vcxproj]
Networking.obj : error LNK2001: unresolved external symbol _SSL_CTX_set_default_passwd_cb [D:\SampleServer\node_modules\socket.io\node_modules\engine.io\node_modules\uws\build\uws.vcxproj]
Networking.obj : error LNK2001: unresolved external symbol _SSL_CTX_free [D:\SampleServer\node_modules\socket.io\node_modules\engine.io\node_modules\uws\build\uws.vcxproj]
Networking.obj : error LNK2001: unresolved external symbol _SSL_CTX_ctrl [D:\SampleServer\node_modules\socket.io\node_modules\engine.io\node_modules\uws\build\uws.vcxproj]
Networking.obj : error LNK2001: unresolved external symbol _SSL_library_init [D:\SampleServer\node_modules\socket.io\node_modules\engine.io\node_modules\uws\build\uws.vcxproj]
Networking.obj : error LNK2001: unresolved external symbol _SSL_CTX_use_PrivateKey_file [D:\SampleServer\node_modules\socket.io\node_modules\engine.io\node_modules\uws\build\uws.vcxproj]
Networking.obj : error LNK2001: unresolved external symbol _SSL_CTX_new [D:\SampleServer\node_modules\socket.io\node_modules\engine.io\node_modules\uws\build\uws.vcxproj]
Networking.obj : error LNK2001: unresolved external symbol _SSL_CTX_set_default_passwd_cb_userdata [D:\SampleServer\node_modules\socket.io\node_modules\engine.io\node_modules\uws\build\uws.vcxproj]
Networking.obj : error LNK2001: unresolved external symbol _SSLv23_server_method [D:\SampleServer\node_modules\socket.io\node_modules\engine.io\node_modules\uws\build\uws.vcxproj]
Networking.obj : error LNK2001: unresolved external symbol _SSL_CTX_use_certificate_chain_file [D:\SampleServer\node_modules\socket.io\node_modules\engine.io\node_modules\uws\build\uws.vcxproj]
Hub.obj : error LNK2001: unresolved external symbol _SSL_new [D:\SampleServer\node_modules\socket.io\node_modules\engine.io\node_modules\uws\build\uws.vcxproj]
Hub.obj : error LNK2001: unresolved external symbol _SSL_want [D:\SampleServer\node_modules\socket.io\node_modules\engine.io\node_modules\uws\build\uws.vcxproj]
Hub.obj : error LNK2001: unresolved external symbol _inflate [D:\SampleServer\node_modules\socket.io\node_modules\engine.io\node_modules\uws\build\uws.vcxproj]
Hub.obj : error LNK2001: unresolved external symbol _SSL_pending [D:\SampleServer\node_modules\socket.io\node_modules\engine.io\node_modules\uws\build\uws.vcxproj]
Hub.obj : error LNK2001: unresolved external symbol _SSL_read [D:\SampleServer\node_modules\socket.io\node_modules\engine.io\node_modules\uws\build\uws.vcxproj]
Hub.obj : error LNK2001: unresolved external symbol _SSL_set_accept_state [D:\SampleServer\node_modules\socket.io\node_modules\engine.io\node_modules\uws\build\uws.vcxproj]
Hub.obj : error LNK2001: unresolved external symbol _inflateReset [D:\SampleServer\node_modules\socket.io\node_modules\engine.io\node_modules\uws\build\uws.vcxproj]
Hub.obj : error LNK2001: unresolved external symbol _SSL_set_connect_state [D:\SampleServer\node_modules\socket.io\node_modules\engine.io\node_modules\uws\build\uws.vcxproj]
Node.obj : error LNK2001: unresolved external symbol _SSLv23_client_method [D:\SampleServer\node_modules\socket.io\node_modules\engine.io\node_modules\uws\build\uws.vcxproj]
HTTPSocket.obj : error LNK2001: unresolved external symbol _SHA1 [D:\SampleServer\node_modules\socket.io\node_modules\engine.io\node_modules\uws\build\uws.vcxproj]
D:\SampleServer\node_modules\socket.io\node_modules\engine.io\node_modules\uws\build\Release\uws.node : fatal error LNK1120: 27 unresolved externals [D:\SampleServer\node_modules\socket.io\node_modules\engine.io\node_modules\uws\build\uws.vcxproj]
gyp ERR! build error 
gyp ERR! stack Error: `C:\Program Files\MSBuild\14.0\bin\msbuild.exe` failed with exit code: 1
gyp ERR! stack     at ChildProcess.onExit (D:\Program Files\nodejs\node_modules\npm\node_modules\node-gyp\lib\build.js:276:23)
gyp ERR! stack     at emitTwo (events.js:87:13)
gyp ERR! stack     at ChildProcess.emit (events.js:172:7)
gyp ERR! stack     at Process.ChildProcess._handle.onexit (internal/child_process.js:200:12)
gyp ERR! System Windows_NT 10.0.10586
gyp ERR! command "D:\\Program Files\\nodejs\\node.exe" "D:\\Program Files\\nodejs\\node_modules\\npm\\node_modules\\node-gyp\\bin\\node-gyp.js" "rebuild"
gyp ERR! cwd D:\SampleServer\node_modules\socket.io\node_modules\engine.io\node_modules\uws
gyp ERR! node -v v4.4.7
gyp ERR! node-gyp -v v3.3.1
gyp ERR! not ok 
